<?xml version="1.0" encoding="UTF-8"?>
<!-- Generated by org.testng.reporters.JUnitXMLReporter -->
<testsuite hostname="DESKTOP-TT2PE88" ignored="0" name="Default test" tests="4" failures="0" timestamp="07 Aug 2018 07:26:11 GMT" time="74.631" errors="0">
  <testcase name="CheckSortedCouponList" time="0.855" classname="hanamaryMaven.CouponList"/>
  <testcase name="CheckCouponInfoWithDB" time="2.866" classname="hanamaryMaven.CouponList"/>
  <testcase name="CheckTabEditButton" time="0.747" classname="hanamaryMaven.CouponList"/>
  <testcase name="CheckDeleteButton" time="0.464" classname="hanamaryMaven.CouponList"/>
</testsuite> <!-- Default test -->
